O O O O B-genre I-genre O O
O O O O O B-genre
O O O O B-genre
O O O B-time O B-relative
O O O B-pod B-date_name I-date_name B-relative I-relative I-relative O B-time
O O B-date_number I-date_number B-month I-month O O B-time I-time B-pod
O O O O B-time I-time B-pod I-pod O B-date_name I-date_name B-relative I-relative I-relative
O O O O O O O B-time B-pod B-date_name I-date_name B-repeat I-repeat
O O O O B-song_name I-song_name I-song_name I-song_name O O B-album I-album I-album I-album
O O O O O B-song_name I-song_name I-song_name I-song_name O O B-album I-album I-album I-album O O O B-artist I-artist I-artist
O O O B-date_name I-date_name B-relative I-relative O O B-time B-pod I-pod
O O O O O O O O B-album I-album I-album I-album O O O B-artist I-artist I-artist O O O B-artist I-artist
O O B-time O B-second I-second O
O O O O B-repeat B-pod B-date_name I-date_name O O B-time B-pod
O O O O O O B-genre I-genre O O
O O O O O B-pod B-date_name I-date_name B-repeat I-repeat O B-time I-time 
O O O O O B-hour I-hour B-second I-second O
O O O O O O O B-time O B-date_name I-date_name B-relative I-relative I-relative
O O O O O O O B-album I-album I-album I-album 
O O O O O O B-time B-pod B-date_name I-date_name B-repeat I-repeat
O O O O O B-song_name I-song_name I-song_name I-song_name O O B-album I-album I-album I-album O O B-artist I-artist
O O O O O B-genre I-genre
O O B-repeat B-date_name I-date_name O O B-time
O O O B-relative I-relative O B-time I-time B-pod I-pod
O O O O B-time O B-relative I-relative I-relative
O O B-date_name I-date_name B-repeat I-repeat O O B-time I-time
O O B-pod I-pod O B-date_number I-date_number B-month I-month O B-time
O O O O O O O O B-artist I-artist
O O O O O O B-relative I-relative O B-time B-pod
O O O B-pod B-relative I-relative I-relative O B-time
O O O O O B-time B-pod O B-date_name I-date_name B-relative I-relative
O O O O O O O O O B-album I-album I-album I-album I-album 
O O O B-time O B-pod B-relative I-relative
O O B-repeat B-pod B-date_name I-date_name O O B-time B-pod
O O B-date_name I-date_name B-repeat I-repeat O O B-time
O O O O O O B-repeat B-date_name I-date_name O O B-time
O O O O B-pod+ B-date_number I-date_number B-month I-month O O B-time I-time
O O O O B-song_name I-song_name I-song_name O O B-album I-album I-album
O O O O O O B-repeat B-pod I-pod B-date_name I-date_name O O B-time B-pod I-pod
O O O B-song_name I-song_name I-song_name I-song_name I-song_name I-song_name 
O O B-hour I-hour B-second I-second O
O O O O O O B-time O B-pod B-date_name I-date_name B-relative I-relative
O O O O O B-hour I-hour B-second I-second 
O O O O O O B-genre
O O O B-hour I-hour B-minute I-minute O B-second I-second 
O O B-date_name I-date_name B-repeat I-repeat O B-time
O O O O O O B-date_name I-date_name B-relative I-relative I-relative O B-time B-pod
O O O O O O O O O B-album I-album I-album I-album O B-artist I-artist I-artist 
O O O O O O B-time O B-pod B-date_name I-date_name B-relative I-relative
O O O O O B-genre O O
O O O O B-time O B-date_number I-date_number B-month I-month
O O O B-date_name I-date_name B-relative I-relative O O B-time I-time
O O B-date_number I-date_number B-month I-month O O B-time B-pod
O O O O B-time I-time O B-date_number I-date_number B-month I-month
O O O O B-time B-pod B-repeat B-date_name I-date_name
O O O O B-song_name I-song_name I-song_name I-song_name O B-album I-album I-album I-album O B-artist I-artist I-artist O O O B-artist
O O O O O O B-repeat B-pod B-date_name I-date_name O O B-time I-time
O O O O O B-genre
O O O O O B-song_name I-song_name O O B-artist
O O O O B-genre I-genre O O O O O B-artist I-artist I-artist 
O O B-time I-time O B-second I-second 
O O O B-hour I-hour B-minute I-minute O B-second I-second O
O O B-date_name I-date_name B-repeat I-repeat O B-time
O O B-repeat B-date_name I-date_name O B-time I-time
O O O O O O O O O B-album I-album I-album I-album O O O B-artist I-artist 
O O O B-time I-time B-pod B-relative I-relative
O O O O O B-hour I-hour O B-second I-second
O O O O O O O B-time B-pod O B-date_number I-date_number B-month I-month
O O O O O O B-genre
O O O O B-time B-pod O B-date_number I-date_number B-month I-month
O O O O O B-song_name I-song_name I-song_name I-song_name O B-album I-album I-album I-album O O O B-artist I-artist I-artist
O O B-time O and B-second I-second 
O O O O O B-date_name I-date_name B-repeat I-repeat O O B-time I-time
O O O B-date_number I-date_number B-month I-month O O B-time B-pod
O O O O O B-hour I-hour B-second I-second O
O O O O O B-genre I-genre O O
O O B-song_name I-song_name I-song_name I-song_name O O B-album I-album I-album I-album O O O B-artist I-artist I-artist O O O B-artist I-artist
O O O O O O O O B-time B-pod B-repeat B-date_name I-date_name
O O O O O O O B-date_name I-date_name B-relative I-relative O B-time I-time
O O O O O O B-repeat B-pod B-date_name I-date_name O O B-time I-time
O O O O B-song_name I-song_name O O O B-artist I-artist I-artist
O O O O B-time B-pod B-repeat B-date_name I-date_name
O O O O B-time B-date_number I-date_number B-month I-month
O O O O B-pod B-date_name I-date_name B-repeat I-repeat O B-time I-time 
O O O B-time O B-pod B-date_name I-date_name B-relative I-relative
O O O O B-time I-time
O O O O O O O B-pod B-relative I-relative O B-time
O O O B-date_name I-date_name B-relative I-relative O B-time B-pod
O O B-pod B-date_number I-date_number B-month I-month O B-time
O O O O O B-date_number I-date_number B-month I-month O B-time B-pod
O O O O O B-song_name I-song_name I-song_name I-song_name O B-album I-album I-album I-album O O O B-artist I-artist I-artist O O O B-artist I-artist
O O B-pod O B-date_number I-date_number B-month I-month O O B-time I-time
O O O O B-time I-time O B-relative
O O O B-date_name I-date_name B-relative I-relative O O B-time I-time
O O O O O O B-time B-pod I-pod B-date_name I-date_name B-relative I-relative
O O O O O B-time I-time O B-date_number I-date_number B-month I-month
O O O B-time B-pod O B-date_name I-date_name B-relative I-relative
O O O O B-repeat B-pod B-date_name I-date_name O B-time
O O O O B-genre
O O O O O O B-album I-album I-album I-album I-album I-album I-album I-album O O O B-artist I-artist 
O O O O O B-pod+ O B-date_number I-date_number B-month I-month O B-time
O O O B-hour I-hour B-second I-second
O O O O B-time I-time O B-pod B-date_name I-date_name B-relative I-relative
O O O O O O B-time B-repeat B-pod I-pod B-date_name I-date_name
O O O O O O O O O O B-album I-album I-album I-album I-album 
O O O O O O B-album I-album I-album O O B-artist I-artist I-artist 
O O O O O B-pod B-date_name I-date_name B-repeat I-repeat O O B-time I-time 
O O O B-relative I-relative I-relative O B-time B-pod I-pod
O O O O O O O O B-artist I-artist I-artist 
O O O O O O O B-time B-pod B-relative I-relative
O O B-time I-time O B-second I-second O
O O O O B-time B-date_number I-date_number B-month I-month
O O O O O O B-repeat B-pod B-date_name I-date_name O O B-time
O O O O O O B-pod+ B-date_number I-date_number B-month I-month O O B-time I-time
O O O B-song_name I-song_name I-song_name I-song_name O O B-album I-album I-album I-album O O O B-artist I-artist O O O B-artist I-artist
O O O O O B-time I-time B-repeat B-date_name I-date_name
O O O O O B-song_name I-song_name I-song_name I-song_name O B-album I-album I-album I-album O O O B-artist I-artist I-artist
O O O O O O B-album I-album I-album O O O B-artist I-artist I-artist 
O O O O O O O O B-album I-album I-album I-album O B-artist I-artist 
O O O O O B-date_name I-date_name B-repeat I-repeat O O B-time B-pod
O O O O O O O O O B-album I-album I-album O O O B-artist I-artist 
O O O O O B-song_name I-song_name I-song_name O B-album I-album I-album O O O B-artist I-artist I-artist O B-artist I-artist
O O O O O O B-artist I-artist 
O O O O O O B-time I-time O B-relative I-relative I-relative
O O O O B-time I-time B-repeat B-date_name I-date_name
O O O O B-time O B-date_number I-date_number B-month I-month
O O O O B-date_number I-date_number B-month I-month O B-time I-time B-pod
O O O O B-pod+ B-date_number I-date_number B-month I-month O B-time
O O B-hour I-hour B-second I-second 
O O O O O O O O O O B-album I-album I-album 
O O O O O O B-album I-album I-album I-album O B-artist I-artist I-artist 
O O O B-time I-time O and B-second I-second
O O O O B-song_name I-song_name I-song_name I-song_name 
O O O O B-pod I-pod B-date_name I-date_name B-repeat I-repeat O B-time 
O O O B-time O B-date_number I-date_number B-month I-month
O O O O O O O B-date_name I-date_name B-relative I-relative O O B-time I-time
O O O O O O O O O B-artist I-artist I-artist
O O O B-relative I-relative O O B-time I-time
O O B-repeat B-pod B-date_name I-date_name O B-time I-time B-pod
O O O O B-song_name I-song_name I-song_name I-song_name I-song_name 
O O O B-hour I-hour O B-second I-second O
O O O O B-time O B-date_name I-date_name B-relative I-relative I-relative
O O O O O B-song_name I-song_name I-song_name I-song_name O B-album I-album I-album I-album O O O B-artist I-artist I-artist
O O O B-time B-pod O B-date_name I-date_name B-relative I-relative I-relative
O O O O B-song_name I-song_name I-song_name I-song_name I-song_name O O B-artist I-artist I-artist
O O O O O O O B-time B-date_name I-date_name B-repeat I-repeat
O O O O O O O B-time O B-pod B-relative
O O O O O B-genre I-genre O O O B-artist I-artist 
O O O O O O B-pod B-date_name I-date_name B-repeat I-repeat O B-time 
O O O O O B-repeat B-pod B-date_name I-date_name O O B-time
O O O O B-time I-time B-pod B-repeat B-date_name I-date_name
O O O B-time B-pod B-date_name I-date_name B-relative I-relative I-relative
O O O O O O B-time B-pod B-date_name I-date_name B-relative I-relative
O O O O O O O O B-album I-album I-album I-album I-album O B-artist I-artist I-artist 
O O O O O O O B-pod B-relative O O B-time
O O O O O O B-time O B-date_number I-date_number B-month I-month
O O B-hour I-hour O B-second I-second O
O O O O O O B-genre O O
O O O O B-song_name I-song_name I-song_name I-song_name O B-album I-album I-album I-album
O O O O O O O B-time B-repeat B-pod B-date_name I-date_name
O O O O O B-song_name I-song_name I-song_name I-song_name O O B-artist I-artist I-artist
O O O O O O B-pod I-pod+ O B-date_number I-date_number B-month I-month O B-time
O O O O B-time I-time B-date_name I-date_name B-repeat I-repeat
O O O O O O O B-time I-time B-pod O B-date_name I-date_name B-relative I-relative I-relative
O O O B-time B-pod O B-date_number I-date_number B-month I-month
O O O O O O O O B-album I-album I-album O O B-artist I-artist I-artist O O O B-artist I-artist
O O O B-song_name I-song_name I-song_name I-song_name O B-album I-album I-album O O O B-artist I-artist I-artist
O O O O O B-pod I-pod B-relative O B-time I-time
O O O O O O B-date_number I-date_number B-month I-month O B-time I-time B-pod I-pod
O O B-time O and B-second I-second O
O O O B-time I-time O B-date_number I-date_number B-month I-month
O O O O O O O B-time B-pod B-repeat B-date_name I-date_name
O O O O O O O B-album I-album I-album O O O B-artist I-artist I-artist O O O B-artist I-artist
O O O B-time O B-second I-second O
O O O O O B-song_name I-song_name I-song_name I-song_name I-song_name I-song_name O O B-album I-album I-album
O O O B-time B-pod B-repeat B-date_name I-date_name
O O O B-pod I-pod+ O B-date_number I-date_number B-month I-month O O B-time I-time
O O O O O B-date_name I-date_name B-repeat I-repeat O O B-time I-time B-pod
O O O B-pod B-relative O B-time I-time
O O O B-time I-time B-repeat B-pod B-date_name I-date_name
O O B-repeat B-date_name I-date_name O B-time I-time
O O O O O O O O B-album I-album I-album I-album I-album O O B-artist I-artist I-artist 
O O O B-hour I-hour O B-minute I-minute O
O O O O O O O O O B-album I-album I-album I-album O O O B-artist I-artist 
O O O O O B-time I-time B-pod O B-date_name I-date_name B-relative I-relative
O O O B-time O B-relative I-relative
O O O O O O B-hour I-hour O B-minute I-minute
O O B-hour I-hour B-minute I-minute O B-second I-second O
O O O O B-time B-pod O B-date_number I-date_number B-month I-month
O O O O O B-pod+ O B-date_number I-date_number B-month I-month O B-time
O O O O O O O O O B-album I-album I-album I-album I-album 
O O O B-song_name I-song_name I-song_name I-song_name I-song_name O O B-album I-album I-album I-album I-album
O O O O O O O B-album I-album I-album I-album 
O O O O B-time B-pod B-repeat B-date_name I-date_name
O O O O O O O B-album I-album I-album I-album 
O O O O O O O O B-album I-album I-album I-album I-album 
O O B-minute I-minute O B-second I-second O
O O O O O O B-genre O O
O O O O O O O O O O B-album I-album I-album I-album I-album 
O O O O O O O B-date_name I-date_name B-relative I-relative O B-time B-pod
O O O O O B-hour I-hour O B-minute I-minute 
O O O O O O B-genre O O
O O O B-time O B-pod B-relative I-relative
O O O B-relative I-relative O B-time
O O O O B-song_name I-song_name I-song_name I-song_name I-song_name O O B-album I-album I-album I-album I-album O O O B-artist I-artist
O O O O O O B-time I-time B-pod B-date_name I-date_name B-repeat I-repeat
O O B-hour I-hour O B-minute I-minute 
O O O O O O O B-date_name I-date_name B-relative I-relative O B-time I-time B-pod I-pod
O O O O B-repeat B-pod B-date_name I-date_name O O B-time B-pod
O O O O O O O B-time I-time B-pod B-date_name I-date_name B-repeat I-repeat
O O O O O O O O O B-album I-album I-album I-album I-album O O O B-artist I-artist I-artist O B-artist I-artist
O O O O O B-song_name I-song_name I-song_name I-song_name O O B-album I-album I-album O B-artist I-artist I-artist O O O B-artist I-artist
O O O O B-time B-pod O B-date_name I-date_name B-relative I-relative
O O O O O O O B-hour I-hour B-second I-second O
O O B-hour I-hour O B-second I-second 
O O O O O O O B-time I-time B-date_number I-date_number B-month I-month
O O O B-hour I-hour B-minute I-minute O B-second I-second O
O O O O O O B-time O B-date_name I-date_name B-relative I-relative
O O O O O B-time B-pod O B-date_name I-date_name B-relative I-relative I-relative
O O O B-relative O O B-time B-pod
O O O O B-album I-album I-album I-album O O O B-artist I-artist 
O O O B-date_name I-date_name B-relative I-relative O O B-time
O O O O O O O O O O B-artist I-artist I-artist
O O B-minute I-minute O B-second I-second 
O O O B-time O B-date_number I-date_number B-month I-month
O O O B-time O B-pod B-date_name I-date_name B-relative I-relative
O O O B-pod+ B-date_number I-date_number B-month I-month O O B-time I-time
O O B-pod B-date_number I-date_number B-month I-month O O B-time
O O O O O B-song_name I-song_name O O B-album I-album
O O O O B-time O B-date_name I-date_name B-relative I-relative
O O O B-genre O O
O O O B-time O B-second I-second
O O O B-date_name I-date_name B-repeat I-repeat O B-time B-pod
O O O O B-time B-pod B-date_name I-date_name B-repeat I-repeat
O O O O O O B-time B-pod B-date_number I-date_number B-month I-month
O O O O B-song_name I-song_name I-song_name I-song_name O O B-artist I-artist
O O O O O B-hour I-hour B-second I-second
O O O B-pod B-relative I-relative I-relative O O B-time
O O O O O B-album I-album I-album I-album O O O B-artist I-artist 
O O O O O O O B-artist I-artist I-artist 
O O O O O O O B-album I-album I-album I-album 
O O O B-time O B-relative
O O O O O O B-repeat B-date_name I-date_name O O B-time
O O O B-time O B-date_name I-date_name B-relative I-relative
O O O B-time
O O O O O O O B-relative I-relative O O B-time
O O O B-time O B-pod B-relative I-relative I-relative
O O O O O O B-hour I-hour O B-second I-second
O O O O O B-time I-time O B-second I-second 
O O O O O B-time B-pod B-date_name I-date_name B-relative I-relative
O O O B-hour I-hour B-second I-second
O O O B-hour I-hour O B-minute I-minute O
O O O O B-time I-time O B-pod B-date_name I-date_name B-relative I-relative
O O B-repeat B-pod B-date_name I-date_name O B-time
O O O O O O O B-album I-album I-album I-album O O O B-artist I-artist I-artist 
O O O B-hour I-hour B-minute I-minute O B-second I-second O
O O O O O O O B-album I-album I-album I-album O O O B-artist I-artist I-artist O O O B-artist
O O O O O O B-date_number I-date_number B-month I-month O B-time B-pod
O O O B-pod B-date_name I-date_name B-relative I-relative O O B-time
O O B-time O B-second I-second O
O O O O O O B-time O B-date_number I-date_number B-month I-month
O O O O B-time B-pod I-pod O B-date_number I-date_number B-month I-month
O O O B-hour I-hour B-second I-second O
O O B-repeat B-pod I-pod B-date_name I-date_name O B-time I-time B-pod I-pod
O O O B-time O B-date_name I-date_name B-relative I-relative
O O O B-time B-pod O B-relative I-relative I-relative
O O O O O O O B-time O B-second I-second O
O O O O O O O O O B-album I-album I-album I-album I-album I-album I-album I-album 
O O O O O B-genre
O O O O O O B-time B-pod B-repeat B-date_name I-date_name
O O O O O O O O O B-artist I-artist
O O O O O O O O O O B-album I-album I-album O B-artist I-artist 
O O O B-time O B-pod B-date_name I-date_name B-relative I-relative I-relative
O O O B-song_name I-song_name I-song_name I-song_name I-song_name 
O O O O O O O B-album I-album I-album I-album I-album O O O B-artist I-artist 
O O O O O O O B-time B-date_number I-date_number B-month I-month
O O O O B-genre I-genre O O O O O B-artist I-artist 
O O B-repeat B-pod B-date_name I-date_name O O B-time B-pod
O O O O O B-date_number I-date_number B-month I-month O O B-time B-pod
O O O O O B-hour I-hour O B-second I-second 
O O O B-pod+ O B-date_number I-date_number B-month I-month O B-time I-time
O O B-hour I-hour B-second I-second 
O O O O O O B-time I-time B-pod I-pod O B-relative
O O B-repeat B-pod B-date_name I-date_name O B-time
O O O O B-time B-pod O B-relative
O O O O O O B-time B-repeat B-date_name I-date_name
O O O O O O B-time I-time B-pod O B-date_name I-date_name B-relative I-relative
O O O O O O O B-time I-time B-date_name I-date_name B-repeat I-repeat
O O O O O B-song_name I-song_name I-song_name O O O B-artist I-artist
O O B-hour I-hour O B-minute I-minute 
O O O O B-time I-time B-pod B-relative I-relative
O O B-repeat B-pod B-date_name I-date_name O B-time B-pod
O O O O O B-hour I-hour B-minute I-minute O B-second I-second 
O O O O O O O O O O B-album I-album I-album I-album 
O O O O B-minute I-minute O B-second I-second O
O O O O O O O B-time I-time B-pod B-date_name I-date_name B-relative I-relative I-relative
O O O O O O B-date_name I-date_name B-relative I-relative O O B-time I-time
O O B-pod B-date_number I-date_number B-month I-month O O B-time I-time
O O O O B-time B-pod B-date_name I-date_name B-relative I-relative I-relative
O O O O B-time B-pod O B-relative I-relative
O O O B-time O B-pod B-date_name I-date_name B-relative I-relative I-relative
O O O O O B-genre O O
O O B-time I-time O B-second I-second O
O O O B-hour I-hour O B-second I-second
O O O O O B-hour I-hour O B-minute I-minute 
O O O B-date_name I-date_name B-relative I-relative I-relative O O B-time B-pod
O O O O B-song_name I-song_name I-song_name I-song_name 
O O O O O O B-time B-pod O B-date_name I-date_name B-relative I-relative
O O O O O O B-time B-pod O B-date_number I-date_number B-month I-month
O O O B-time I-time O B-second I-second O
O O O O O O B-genre O O
O O O O O O O O O O O B-artist I-artist
O O O O O O O O B-artist I-artist 
O O O O O O B-genre O O O B-artist I-artist 
O O O O B-song_name I-song_name I-song_name I-song_name O O O B-artist I-artist I-artist
O O B-hour I-hour O B-minute I-minute O
O O O O O O O B-artist
O O O O O O O O B-album I-album I-album I-album O O O B-artist I-artist I-artist 
O O O O O B-song_name I-song_name I-song_name I-song_name 
O O O O O O B-repeat B-pod B-date_name I-date_name O O B-time I-time B-pod
O O O O O O B-time O B-pod B-date_name I-date_name B-relative I-relative
O O O O O B-pod+ B-date_number I-date_number B-month I-month O B-time
O O O B-time B-pod B-relative
O O O B-time I-time B-pod B-date_number I-date_number B-month I-month
O O B-repeat B-pod B-date_name I-date_name O B-time
O O O O O B-time O B-date_name I-date_name B-relative I-relative
O O B-repeat B-pod B-date_name I-date_name O B-time B-pod
O O O O B-album I-album I-album I-album I-album 
O O O O O B-date_name I-date_name B-repeat I-repeat O B-time I-time B-pod I-pod
O O O O B-genre I-genre
O O O O B-pod+ B-date_number I-date_number B-month I-month O O B-time
O O O B-time I-time O B-pod B-date_name I-date_name B-relative I-relative
O O O B-date_name I-date_name B-relative I-relative O O B-time B-pod
O O O O O B-time O B-date_number I-date_number B-month I-month
O O O B-time B-repeat B-date_name I-date_name
O O O B-time B-pod B-date_number I-date_number B-month I-month
O O O O O O B-pod B-date_name I-date_name B-relative I-relative O B-time I-time
O O O B-time O B-second I-second
O O O O O B-time B-pod B-relative I-relative
O O O O O O O O O B-album I-album I-album I-album I-album O O B-artist I-artist I-artist 
O O O B-time O B-date_name I-date_name B-relative I-relative I-relative
O O O O O O O B-album I-album I-album O O O B-artist I-artist I-artist O O O B-artist I-artist
O O B-repeat B-pod B-date_name I-date_name O O B-time
O O O O O O O B-pod B-date_name I-date_name B-relative I-relative O B-time I-time
O O B-pod B-date_number I-date_number B-month I-month O B-time I-time
O O O O O O O B-relative I-relative O B-time I-time
O O O B-time B-pod B-date_name I-date_name B-relative I-relative
O O B-repeat B-pod B-date_name I-date_name O B-time
O O O B-time B-pod B-date_name I-date_name B-repeat I-repeat
O O O B-time B-pod B-date_name I-date_name B-repeat I-repeat
O O O B-relative I-relative O O B-time I-time B-pod
O O O O B-genre I-genre
O O B-repeat B-pod B-date_name I-date_name O B-time I-time B-pod
O O O B-song_name I-song_name I-song_name I-song_name I-song_name O B-album I-album I-album I-album I-album
O O O O B-song_name I-song_name I-song_name I-song_name I-song_name O O B-album I-album I-album I-album I-album
O O O O O O O B-time I-time O B-date_number I-date_number B-month I-month
O O O B-relative O O B-time
O O B-hour I-hour O B-second I-second 
O O O O O O O O B-artist I-artist I-artist 
O O O O O O B-hour I-hour B-second I-second 
O O O O B-pod+ O B-date_number I-date_number B-month I-month O O B-time
O O O O O O O B-hour I-hour O B-second I-second O
O O O O B-hour I-hour O B-second I-second 
O O O O O O B-time I-time B-pod O B-date_name I-date_name B-relative I-relative
O O O B-relative I-relative I-relative O B-time I-time B-pod
O O O O B-time B-date_name I-date_name B-repeat I-repeat
O O O O B-song_name I-song_name O B-album I-album I-album I-album I-album I-album O O B-artist I-artist I-artist O B-artist I-artist I-artist
O O O O O O O O B-album I-album 
O O O O O O O O B-album I-album O O O B-artist O O O B-artist
O O O B-time B-pod B-date_number I-date_number B-month I-month
O O O O B-hour I-hour O B-second I-second 
O O O B-time I-time O B-pod I-pod B-date_name I-date_name B-relative I-relative
O O O B-relative I-relative O O B-time B-pod
O O O O O B-genre
O O O O O B-time I-time B-pod O B-date_number I-date_number B-month I-month
O O O O O B-time I-time B-date_number I-date_number B-month I-month
O O O B-time I-time O B-date_number I-date_number B-month I-month
O O O O O O O O O B-album I-album I-album I-album I-album O O O B-artist 
O O O O O O O O B-time I-time B-pod B-relative I-relative
O O O O O B-genre I-genre O O O O B-artist I-artist 
O O O O B-song_name I-song_name I-song_name I-song_name O B-album I-album I-album I-album O B-artist I-artist I-artist
O O O B-time B-date_number I-date_number B-month I-month
O O O O B-song_name I-song_name I-song_name I-song_name I-song_name O O B-album I-album I-album I-album I-album O B-artist I-artist I-artist O O O B-artist I-artist
O O O B-song_name I-song_name I-song_name I-song_name I-song_name I-song_name O B-album I-album I-album O O O B-artist I-artist I-artist
O O O O O O O B-artist 
O O O O O B-time I-time O B-date_number I-date_number B-month I-month
O O O O O O B-hour I-hour O B-second I-second
O O B-pod O B-date_number I-date_number B-month I-month O B-time
O O O O O B-genre O O O O B-artist I-artist 
O O O O O O O B-time B-pod O B-date_number I-date_number B-month I-month
O O O O O O B-time O B-second I-second O
O O O O O O O B-time O B-date_name I-date_name B-relative I-relative
O O O O O O B-time B-pod B-date_number I-date_number B-month I-month
O O O O O B-song_name I-song_name I-song_name I-song_name I-song_name I-song_name O O B-album I-album I-album O O B-artist I-artist
O O O O O O O O O B-album I-album I-album I-album O O O B-artist I-artist I-artist O O O B-artist
O O O B-pod B-relative I-relative O B-time I-time
O O O O O O O B-album I-album I-album O O O B-artist I-artist I-artist O B-artist I-artist
O O O B-time B-date_name I-date_name B-repeat I-repeat
O O O B-pod B-relative I-relative I-relative O B-time
O O B-time I-time O B-second I-second O
O O O B-date_name I-date_name B-relative I-relative O B-time B-pod
O O O O O O O O O B-album I-album I-album I-album I-album O O O B-artist I-artist I-artist 
O O O B-pod B-date_name I-date_name B-relative I-relative O O B-time
O O O O O O B-relative I-relative O O B-time
O O O O O O O O O B-artist I-artist I-artist 
O O O B-time B-pod I-pod B-repeat B-date_name I-date_name
O O O O O O B-genre O O O O O B-artist I-artist I-artist 
O O O O B-relative O O B-time I-time
O O O O O B-song_name I-song_name I-song_name I-song_name O O B-album I-album I-album I-album O O O B-artist I-artist O O O B-artist I-artist
O O B-time O B-second I-second 
O O O O B-song_name I-song_name I-song_name I-song_name O O B-album I-album I-album
O O O O O O O O B-album I-album I-album O O O B-artist I-artist I-artist O B-artist I-artist
O O B-repeat B-pod B-date_name I-date_name O O B-time B-pod
O O O B-hour I-hour B-second I-second O
O O O O O O B-relative I-relative O B-time B-pod
O O O B-date_name I-date_name B-relative I-relative O O B-time I-time
O O O O O B-genre I-genre O O
O O O B-hour I-hour O B-minute I-minute
O O O O O O O B-time I-time B-date_number I-date_number B-month I-month
O O O O O O O O B-time B-pod B-relative
O O O B-time I-time B-repeat B-pod B-date_name I-date_name
O O O O O O O B-time I-time O B-date_number I-date_number B-month I-month
O O B-hour I-hour B-minute I-minute O B-second I-second 
O O O O O B-time I-time O and B-second I-second 
O O O O O O B-time B-pod B-date_name I-date_name B-relative I-relative I-relative
O O O O O O B-repeat B-date_name I-date_name O O B-time I-time
O O O B-time B-pod O B-relative
O O O O B-song_name I-song_name O B-album I-album
O O B-repeat B-pod B-date_name I-date_name O B-time
O O O O O O O B-pod B-date_name I-date_name B-relative I-relative O B-time
O O O O O O B-time B-pod B-date_name I-date_name B-repeat I-repeat
O O O B-date_number I-date_number B-month I-month O O B-time B-pod
O O O O O B-date_name I-date_name B-relative I-relative O B-time B-pod
O O O O O O O O B-album I-album I-album O O O B-artist I-artist O B-artist I-artist
O O O O O B-date_name I-date_name B-relative I-relative O O B-time
O O O O O O O O O B-album I-album I-album I-album I-album O B-artist I-artist I-artist 
O O O O B-time I-time O B-date_number I-date_number B-month I-month
O O B-date_name I-date_name B-repeat I-repeat O B-time
O O O O O O B-repeat B-pod B-date_name I-date_name O B-time
O O O O O O O B-time B-repeat B-date_name I-date_name
O O O B-minute I-minute O B-second I-second O
O O O O O O O O O B-album I-album I-album I-album O O B-artist I-artist O O O B-artist
O O O O B-song_name I-song_name I-song_name I-song_name 
O O O O O O B-time I-time O and B-second I-second
O O O O B-genre I-genre O O
O O B-repeat B-pod I-pod B-date_name I-date_name O B-time
O O O O O O O B-time B-pod B-date_name I-date_name B-repeat I-repeat
O O O O B-genre O O O O O B-artist I-artist I-artist 
O O O O B-time I-time O B-date_number I-date_number B-month I-month
O O B-hour I-hour B-minute I-minute O B-second I-second 
O O O O O O O O B-time I-time B-pod O B-date_name I-date_name B-relative I-relative
O O O B-song_name I-song_name I-song_name I-song_name I-song_name O B-album I-album I-album I-album I-album O O O B-artist I-artist I-artist
O O O O O O O O O B-album I-album I-album I-album O O O B-artist I-artist O B-artist I-artist
O O O O B-genre I-genre O O O O B-artist I-artist I-artist 
O O O O O O B-time B-pod I-pod B-date_number I-date_number B-month I-month
O O O B-song_name I-song_name I-song_name I-song_name O B-album I-album I-album I-album
O O O O B-song_name I-song_name I-song_name I-song_name O B-album I-album I-album I-album O B-artist I-artist I-artist O B-artist
O O O O O B-hour I-hour B-minute I-minute O B-second I-second O
O O O B-hour I-hour B-second I-second O
O O O O B-song_name I-song_name I-song_name I-song_name I-song_name I-song_name O O O B-artist I-artist I-artist
O O O B-time O B-relative I-relative
O O O O O O O B-time B-pod I-pod B-relative
O O O B-time I-time B-repeat B-date_name I-date_name
O O O O O O O O B-album I-album I-album I-album O O B-artist I-artist I-artist O O O B-artist I-artist
O O O O O O O O O O O B-artist
O O O O O B-genre O O
O O O O O O B-genre O O
O O O O O O B-pod+ B-date_number I-date_number B-month I-month O B-time
O O O B-pod B-date_name I-date_name B-relative I-relative O O B-time I-time
O O O O O O B-album I-album I-album I-album I-album O O O B-artist I-artist 
O O O B-hour I-hour B-minute I-minute O B-second I-second O
O O O O B-time I-time B-date_name I-date_name B-repeat I-repeat
O O O B-date_name I-date_name B-relative I-relative O B-time
O O O O O O B-minute I-minute O B-second I-second O
O O O O B-time B-pod B-date_name I-date_name B-relative I-relative
O O B-pod O B-date_number I-date_number B-month I-month O O B-time
O O O O O O O O O B-album I-album I-album 
O O O O B-time B-repeat B-pod B-date_name I-date_name
O O O O O O O O B-album I-album I-album O B-artist I-artist 
O O O O O O O O O B-artist I-artist
O O O B-relative I-relative O B-time I-time
O O O B-song_name I-song_name I-song_name I-song_name O B-album I-album I-album I-album O O B-artist I-artist
O O O O O O B-relative O O B-time B-pod
O O O O O B-time B-repeat B-pod B-date_name I-date_name
O O O O O O B-album I-album I-album O O O B-artist I-artist O O O B-artist I-artist
O O O B-time
O O O O O O O B-album I-album I-album I-album O O O B-artist I-artist I-artist 
O O O B-song_name I-song_name O B-album I-album O O O B-artist I-artist I-artist O B-artist
O O O B-time B-date_number I-date_number B-month I-month
O O O O O O O B-time I-time B-pod B-relative I-relative I-relative
O O O O O O O O O B-album I-album I-album I-album O O O B-artist I-artist I-artist 
O O O O O O B-hour I-hour B-minute I-minute O B-second I-second O
O O O B-time I-time B-repeat B-pod B-date_name I-date_name
O O O O O O B-time O B-relative I-relative
O O O O O O O O O B-album I-album I-album I-album O O O B-artist I-artist I-artist O O O B-artist I-artist I-artist
O O O O O O B-time B-pod B-repeat B-date_name I-date_name
O O O O O B-song_name I-song_name I-song_name I-song_name I-song_name I-song_name I-song_name I-song_name O B-artist I-artist
O O O O B-time B-pod O B-relative
O O O O O B-genre I-genre O O O O B-artist I-artist 
O O B-date_number I-date_number B-month I-month O B-time B-pod
O O O O O B-date_name I-date_name B-relative I-relative I-relative O B-time B-pod
O O O B-time O B-pod I-pod B-relative I-relative
O O O O B-pod B-date_name I-date_name B-repeat I-repeat O B-time 
O O O O O O B-time B-date_number I-date_number B-month I-month
O O O B-date_name I-date_name B-relative I-relative O O B-time I-time B-pod
O O O B-time I-time O and B-second I-second O
O O O O B-song_name I-song_name I-song_name I-song_name O O B-album I-album I-album I-album O B-artist I-artist I-artist
O O O B-date_name I-date_name B-relative I-relative I-relative O B-time I-time B-pod
O O O O O O O B-time B-repeat B-pod B-date_name I-date_name
O O O O O O O O O B-album I-album I-album I-album I-album O O O B-artist I-artist 
O O B-date_name I-date_name B-repeat I-repeat O O B-time I-time
O O O O O B-date_name I-date_name B-repeat I-repeat O O B-time B-pod
O O O B-pod+ B-date_number I-date_number B-month I-month O B-time
O O O O O O O B-time O B-pod B-relative I-relative
O O O O O B-pod B-date_name I-date_name B-relative I-relative O O B-time
O O O O B-song_name I-song_name I-song_name I-song_name I-song_name O O B-album I-album I-album I-album I-album O O O B-artist I-artist O O O B-artist
O O B-pod B-date_number I-date_number B-month I-month O B-time
O O B-repeat B-pod B-date_name I-date_name O B-time
O O B-pod B-date_number I-date_number B-month I-month O O B-time
O O O O O O B-pod B-date_name I-date_name B-repeat I-repeat O O B-time 
O O O O O O O O O B-album I-album I-album 
O O O B-pod B-relative I-relative I-relative O B-time
O O O B-date_name I-date_name B-relative I-relative O B-time I-time B-pod
O O O O O O B-album I-album I-album I-album I-album 
O O O B-date_number I-date_number B-month I-month O B-time I-time B-pod
O O O O O O B-time O B-second I-second
O O O O O B-date_name I-date_name B-repeat I-repeat O B-time B-pod I-pod
O O B-date_number I-date_number B-month I-month O B-time I-time B-pod I-pod
O O O O O B-time O B-relative I-relative
O O O O B-time B-pod B-date_number I-date_number B-month I-month
O O O O B-hour I-hour B-second I-second 
O O O O O O B-hour I-hour B-minute I-minute O B-second I-second O
O O O O B-song_name I-song_name I-song_name I-song_name O O O B-artist I-artist I-artist
O O O O B-time O B-date_number I-date_number B-month I-month
O O B-pod B-date_number I-date_number B-month I-month O B-time I-time
O O O B-time B-pod O B-date_number I-date_number B-month I-month
O O B-date_name I-date_name B-repeat I-repeat O B-time B-pod
O O O O O O O B-time I-time B-pod B-date_number I-date_number B-month I-month
O O O O O B-genre O O O O O B-artist I-artist 
O O O B-time B-date_name I-date_name B-repeat I-repeat
O O O O O O O B-time B-date_number I-date_number B-month I-month
O O O O O O O O O O B-artist I-artist I-artist
O O O O O O B-album I-album I-album I-album 
O O O O B-minute I-minute O B-second I-second 
O O O B-time O and B-second I-second
O O O O O O O O O B-album I-album I-album I-album O O B-artist I-artist 
O O O O O B-hour I-hour O B-second I-second 
O O O O O O O B-album I-album I-album I-album O B-artist I-artist 
O O O O O O B-relative I-relative I-relative O B-time I-time
O O O B-date_name I-date_name B-relative I-relative O O B-time
O O O O O O B-pod B-date_name I-date_name B-relative I-relative O B-time
O O O O B-song_name I-song_name I-song_name I-song_name I-song_name O O B-album I-album I-album I-album I-album O B-artist I-artist
O O O O B-time B-pod B-relative I-relative I-relative
O O O B-pod B-date_name I-date_name B-relative I-relative O O B-time
O O O B-time O B-second I-second
O O O O O O B-repeat B-pod B-date_name I-date_name O O B-time
O O O O O O B-time I-time O B-pod B-date_name I-date_name B-relative I-relative
O O O B-hour I-hour O B-second I-second
O O O O O B-genre O O
O O O B-date_number I-date_number B-month I-month O B-time B-pod
O O O O O O O B-time B-date_number I-date_number B-month I-month
O O O O O O O O B-album I-album I-album I-album O O O B-artist I-artist I-artist 
O O O O O O B-genre I-genre O O
O O O O O B-song_name I-song_name I-song_name I-song_name I-song_name O O B-album I-album I-album I-album I-album
O O O O O O B-time O B-date_number I-date_number B-month I-month
O O O O B-song_name I-song_name I-song_name I-song_name I-song_name O B-album I-album I-album I-album I-album O O B-artist I-artist I-artist
O O O O O O B-pod I-pod B-date_name I-date_name B-relative I-relative O O B-time I-time
O O O B-time O B-pod B-date_name I-date_name B-relative I-relative I-relative
O O O O O O B-time O B-relative I-relative I-relative
O O O O O O O O B-album I-album I-album I-album I-album O O O B-artist I-artist O B-artist I-artist I-artist
O O O O O B-time B-date_number I-date_number B-month I-month
O O O O B-genre I-genre
O O B-pod O B-date_number I-date_number B-month I-month O B-time I-time
O O O O O O O O O O B-album I-album I-album O O O B-artist I-artist I-artist 
O O B-hour I-hour B-second I-second O
O O O O O O O O B-album I-album I-album O O O B-artist I-artist 
O O O O B-time I-time 
O O O O O B-album I-album I-album I-album O O O B-artist I-artist I-artist 
O O O B-date_number I-date_number B-month I-month O O B-time B-pod
O O O O O O O O B-time I-time O B-date_name I-date_name B-relative I-relative I-relative
O O O B-song_name I-song_name I-song_name I-song_name 
O O O O B-time I-time B-pod B-relative
O O O O O O B-genre I-genre
O O O O B-song_name I-song_name O O B-album I-album O O O B-artist
O O B-date_name I-date_name B-repeat I-repeat O O B-time I-time
O O O B-genre I-genre
O O O O B-song_name I-song_name I-song_name I-song_name O B-album I-album I-album I-album
O O O B-pod B-date_name I-date_name B-relative I-relative I-relative O B-time
O O O O O O B-date_name I-date_name B-repeat I-repeat O B-time I-time
O O O O B-time B-pod I-pod B-repeat B-date_name I-date_name
O O O B-date_name I-date_name B-relative I-relative O O B-time B-pod I-pod
O O O O O O O B-time I-time B-repeat B-date_name I-date_name
O O O O O B-genre O O
O O O O O O B-genre I-genre O O O O B-artist I-artist I-artist 
O O O O O O O B-time B-repeat B-date_name I-date_name
O O O O O O O B-album I-album I-album I-album 
O O O O O B-song_name I-song_name I-song_name I-song_name O O O B-artist I-artist
O O O O O B-date_name I-date_name B-relative I-relative O O B-time
O O O O O B-pod B-date_name I-date_name B-relative I-relative O B-time
O O O O B-hour I-hour B-minute I-minute O B-second I-second 
O O O O B-pod B-date_name I-date_name B-repeat I-repeat O B-time I-time 
O O O O B-song_name I-song_name I-song_name 
O O O O O O O B-album I-album I-album O O O B-artist I-artist I-artist O O O B-artist I-artist
O O O B-date_name I-date_name B-relative I-relative O B-time B-pod
O O O O O O B-time I-time B-pod I-pod B-repeat B-date_name I-date_name
O O O O O O O O O O B-album I-album I-album O O O B-artist I-artist 
O O B-date_name I-date_name B-repeat I-repeat O O B-time B-pod
O O O O O B-hour I-hour B-minute I-minute O B-second I-second 
O O O O O O O O O O B-album I-album I-album I-album I-album O O O B-artist I-artist I-artist O O O B-artist I-artist
O O O O O O B-time B-pod O B-date_name I-date_name B-relative I-relative
O O O O O B-time I-time O B-second I-second O
O O O O B-pod B-date_name I-date_name B-repeat I-repeat O O B-time 
O O O O O B-time O B-second I-second O
O O O O O O O O B-time B-pod B-relative I-relative I-relative
O O O B-time I-time B-pod B-relative I-relative I-relative
O O O O O O O O B-album I-album O O O B-artist I-artist I-artist O O O B-artist
O O O O O O O O O B-album I-album I-album O O B-artist I-artist O O O B-artist I-artist
O O O O B-time I-time B-pod O B-date_name I-date_name B-relative I-relative
O O O B-date_number I-date_number B-month I-month O O B-time I-time B-pod
O O O O O O O O B-album I-album I-album I-album O O O B-artist I-artist O B-artist I-artist
O O O O O B-song_name I-song_name I-song_name I-song_name O O B-album I-album I-album I-album O O B-artist I-artist
O O O B-pod B-date_name I-date_name B-relative I-relative O O B-time
O O O O O O O B-pod I-pod B-relative I-relative I-relative O O B-time
O O O O O B-pod B-date_name I-date_name B-relative I-relative O B-time I-time
O O O O B-time I-time B-repeat B-date_name I-date_name
O O O O O O O B-album I-album I-album I-album 
O O O O B-pod B-relative I-relative O B-time
O O O B-time I-time O B-second I-second O
O O O B-time O B-date_name I-date_name B-relative I-relative
O O O O O O B-time B-pod O B-date_name I-date_name B-relative I-relative
O O B-repeat B-date_name I-date_name O B-time
O O O O O B-genre O O O O O B-artist I-artist 
O O O O O O O O B-album I-album I-album O O B-artist I-artist O O O B-artist I-artist
O O O O O O O B-album I-album I-album I-album O O O B-artist I-artist O O O B-artist I-artist I-artist
O O O O O B-hour I-hour B-minute I-minute O B-second I-second 
O O B-date_number I-date_number B-month I-month O O B-time I-time B-pod I-pod
O O O O O O O O B-album I-album I-album I-album O O O B-artist I-artist O B-artist I-artist
O O O O O O B-hour I-hour B-second I-second O
O O O B-pod B-relative I-relative I-relative O O B-time
O O O O B-time B-pod B-date_number I-date_number B-month I-month
O O O O B-repeat B-pod B-date_name I-date_name O B-time B-pod
O O O O O O O B-time I-time O B-date_number I-date_number B-month I-month
O O O O O B-genre I-genre
O O O O O O B-hour I-hour O B-minute I-minute O
O O O O O O O B-album I-album I-album I-album O O O B-artist I-artist O O O B-artist I-artist
O O O O O O B-time O B-second I-second
O O O O O O B-minute I-minute O B-second I-second O
O O O O O O B-time B-repeat B-pod B-date_name I-date_name
O O O B-song_name I-song_name I-song_name I-song_name I-song_name O O B-album I-album I-album I-album I-album O B-artist I-artist
O O O O B-time I-time B-pod B-repeat B-date_name I-date_name
O O O O B-genre O O
O O O O O O O B-time O B-pod B-relative I-relative I-relative
O O O O O O O B-artist I-artist 
O O O O B-time O B-relative I-relative I-relative
O O O B-time O B-pod B-relative
O O O O O O O B-time O B-date_number I-date_number B-month I-month
O O O O O O B-genre I-genre
O O O O B-time B-pod B-date_name I-date_name B-repeat I-repeat
O O O O O O O O O B-album I-album I-album 
O O O O B-time O B-pod B-relative I-relative
O O O O O B-genre
O O O O B-genre O O O O O B-artist I-artist I-artist 
O O O O O O B-time B-pod B-relative I-relative I-relative
O O O B-time O B-second I-second
O O O O B-time B-repeat B-date_name I-date_name
O O O O O B-pod+ O B-date_number I-date_number B-month I-month O O B-time
O O O O O B-pod I-pod B-date_name I-date_name B-repeat I-repeat O B-time 
O O O O B-time B-pod O B-relative I-relative I-relative
O O O O O B-date_number I-date_number B-month I-month O O B-time I-time B-pod
O O O O O O B-pod+ B-date_number I-date_number B-month I-month O O B-time
O O O O O B-genre I-genre O O
O O O O O B-genre
O O O O O B-genre O O O B-artist I-artist 
O O O B-time I-time O B-pod B-date_name I-date_name B-relative I-relative
O O O O O O O O B-artist I-artist
O O B-pod B-date_name I-date_name B-repeat I-repeat O O B-time 
O O O O O B-hour I-hour O B-minute I-minute
O O B-pod B-date_number I-date_number B-month I-month O O B-time I-time
O O O B-time B-pod B-relative
O O O O O O B-repeat B-pod I-pod B-date_name I-date_name O B-time
O O O O O O O O O B-album I-album I-album I-album I-album O O O B-artist 
O O O O O O B-hour I-hour B-minute I-minute O B-second I-second O
O O O O O O B-genre O O
O O O O O O O B-artist I-artist 
O O O O O O O B-time I-time O B-pod B-date_name I-date_name B-relative I-relative
O O B-pod O B-date_number I-date_number B-month I-month O O B-time
O O O O O O O O B-album I-album I-album O O O B-artist I-artist I-artist 
O O O O O O B-relative I-relative I-relative O B-time B-pod
O O O B-song_name I-song_name I-song_name I-song_name O O O B-artist I-artist
O O O O O O O B-album I-album O O O B-artist I-artist I-artist O O O B-artist
O O O O O O B-hour I-hour B-minute I-minute O B-second I-second O
O O O B-time B-pod B-relative I-relative I-relative
O O O B-relative I-relative O B-time B-pod
O O O B-relative I-relative O O B-time
O O O O B-song_name I-song_name I-song_name I-song_name O B-album I-album I-album I-album O O O B-artist I-artist I-artist
O O O B-time B-repeat B-pod B-date_name I-date_name
O O O O O O O B-time I-time B-repeat B-date_name I-date_name
O O O O O O O O B-artist I-artist I-artist 
O O O O B-repeat B-date_name I-date_name O O B-time
O O O B-time B-pod B-date_name I-date_name B-repeat I-repeat
O O O O O B-song_name I-song_name I-song_name I-song_name O B-album I-album I-album I-album
O O B-time O B-second I-second 
O O O B-hour I-hour B-minute I-minute O B-second I-second
O O O O O O O B-time O B-date_number I-date_number B-month I-month
O O O O O O O O B-album I-album I-album 
O O B-pod I-pod O B-date_number I-date_number B-month I-month O O B-time
O O O O O O O O B-time I-time B-pod I-pod B-relative I-relative I-relative
O O O O B-date_name I-date_name B-repeat I-repeat O O B-time I-time B-pod
O O B-pod B-date_name I-date_name B-repeat I-repeat O B-time I-time 
O O O O O O O B-album I-album I-album I-album I-album 
O O O O O O O O O B-album I-album I-album I-album I-album O O O B-artist I-artist I-artist O B-artist I-artist
O O O O O O B-relative I-relative I-relative O B-time
O O O B-time I-time O and B-second I-second
O O O O O O O B-time O B-date_number I-date_number B-month I-month
O O O O O B-song_name I-song_name I-song_name I-song_name I-song_name O B-album I-album I-album I-album I-album
O O B-repeat B-date_name I-date_name O B-time
O O O O O B-song_name I-song_name I-song_name I-song_name I-song_name O O O B-artist I-artist I-artist
O O O O O O B-hour I-hour O B-second I-second O
O O O O O O O B-relative I-relative I-relative O B-time
O O O B-time B-pod O B-date_name I-date_name B-relative I-relative
O O O O O O B-album I-album I-album I-album I-album 
O O O O O O O O O B-album I-album I-album O B-artist I-artist O O O B-artist I-artist
O O O O O O B-album I-album I-album I-album I-album O O O B-artist I-artist O B-artist
O O O O O B-song_name I-song_name O O B-album I-album O O O B-artist I-artist I-artist O O O B-artist
O O O O O O O B-relative O B-time
O O O O B-time B-pod O B-date_name I-date_name B-relative I-relative
O O O O O O O O O B-album I-album I-album 
O O O B-time I-time O B-pod B-date_name I-date_name B-relative I-relative
O O O O B-time I-time B-pod B-relative I-relative I-relative
O O O O O O O O O B-album I-album I-album I-album 
O O O O O B-minute I-minute O B-second I-second O
O O O O O O O B-date_name I-date_name B-relative I-relative I-relative O O B-time I-time B-pod I-pod
O O O O O O B-hour I-hour B-minute I-minute O B-second I-second O
O O O B-time B-pod O B-date_number I-date_number B-month I-month
O O O O O O B-relative I-relative I-relative O O B-time B-pod
O O O O O O B-time O
O O O O O O O O B-time B-pod B-date_number I-date_number B-month I-month
O O O O O O B-album I-album O O O B-artist O O O B-artist
O O O O O O B-pod+ B-date_number I-date_number B-month I-month O O B-time
O O O O O O B-album I-album I-album I-album O B-artist I-artist I-artist O B-artist I-artist
O O O O O O O B-artist
O O O O O O B-album I-album I-album 
O O O O O O O O B-time O B-pod B-date_name I-date_name B-relative I-relative
O O O O O O O O O B-album I-album I-album I-album 
O O O O O B-time I-time B-pod O B-relative I-relative I-relative
O O O O O O O B-album I-album I-album I-album O B-artist I-artist O O O B-artist I-artist
O O B-repeat B-date_name I-date_name O O B-time I-time
O O O O O O B-time B-pod O B-date_name I-date_name B-relative I-relative
O O O O B-pod B-date_name I-date_name B-repeat I-repeat O B-time I-time 
O O O O O O O O O O O B-artist I-artist I-artist
O O O O O O O B-album I-album I-album 
O O O B-time I-time O B-second I-second
O O O O O O O O O O B-album I-album I-album I-album I-album O O O B-artist 
O O O O O O O B-time I-time O B-date_number I-date_number B-month I-month
O O O O O O O O B-album I-album I-album I-album I-album O O B-artist I-artist I-artist O O O B-artist I-artist
O O O O O B-genre O O O O O B-artist I-artist I-artist 
O O O O O O B-genre O O
O O O O O B-relative O O B-time I-time
O O O O O O B-pod+ B-date_number I-date_number B-month I-month O O B-time
O O O B-song_name I-song_name I-song_name O B-album I-album I-album O O B-artist I-artist
O O O O B-time B-pod O B-date_name I-date_name B-relative I-relative I-relative
O O O O O O O B-album I-album I-album I-album O O O B-artist I-artist I-artist 
O O O O O O B-date_number I-date_number B-month I-month O B-time B-pod
O O O O O O B-hour I-hour O B-minute I-minute O
O O O O O O O B-time B-pod B-relative
O O O O O O B-time I-time B-pod B-repeat B-date_name I-date_name
O O O O O B-song_name I-song_name I-song_name I-song_name I-song_name I-song_name I-song_name I-song_name 
O O O O O B-pod B-date_name I-date_name B-relative I-relative O O B-time I-time
O O O O O O O B-artist I-artist 
O O O O B-time O B-relative
O O O O O B-pod I-pod B-date_name I-date_name B-relative I-relative O O B-time
O O O O O O O B-time B-pod B-repeat B-date_name I-date_name
O O O O O O B-time B-repeat B-pod B-date_name I-date_name
O O O O O O O B-time I-time B-pod B-date_name I-date_name B-repeat I-repeat
O O O B-date_name I-date_name B-relative I-relative O B-time B-pod I-pod
O O O O B-time B-repeat B-date_name I-date_name
O O O O O B-time B-pod B-date_number I-date_number B-month I-month
O O O O O O B-album I-album I-album I-album O O B-artist I-artist 
O O O O O O B-pod B-date_name I-date_name B-repeat I-repeat O B-time 
O O O O O O O O B-time I-time B-pod O B-date_name I-date_name B-relative I-relative I-relative
O O O B-date_name I-date_name B-relative I-relative O B-time I-time
O O O O O O B-genre O O
O O O O O O O B-artist I-artist I-artist 
O O O O B-time B-date_number I-date_number B-month I-month
O O O O O O O O O O O B-artist I-artist I-artist
O O O B-time I-time B-repeat B-date_name I-date_name
O O O O O O O O B-time I-time O B-date_number I-date_number B-month I-month
O O O O B-time I-time O B-pod B-relative I-relative
O O O O O B-hour I-hour B-second I-second O
O O O O O O O B-time O B-pod B-date_name I-date_name B-relative I-relative
O O O O O O B-album I-album I-album I-album I-album O O O B-artist I-artist I-artist 
O O B-time O and B-second I-second O
O O O O O B-genre I-genre O O
O O O O O B-date_name I-date_name B-repeat I-repeat O O B-time B-pod
O O O O B-time O B-pod B-relative I-relative I-relative
O O O O O O O O B-time O B-date_number I-date_number B-month I-month
O O O O O B-song_name I-song_name I-song_name I-song_name O B-album I-album I-album I-album
O O O O O O B-pod B-date_name I-date_name B-repeat I-repeat O B-time I-time 
O O O O O O B-album I-album I-album I-album I-album O O O B-artist I-artist I-artist O O O B-artist
O O O B-pod+ B-date_number I-date_number B-month I-month O B-time
O O O O O O O B-date_name I-date_name B-relative I-relative O B-time I-time B-pod
O O B-repeat B-pod B-date_name I-date_name O O B-time
O O O O O O O B-time B-pod B-date_name I-date_name B-relative I-relative I-relative
O O O O O O O O O O O B-artist
O O O O O B-time B-date_name I-date_name B-repeat I-repeat
O O O O O O B-time I-time B-repeat B-date_name I-date_name
O O O O O O O B-relative O O B-time B-pod
O O O O O O O B-pod B-date_name I-date_name B-relative I-relative O O B-time
O O O O B-time I-time B-pod I-pod O B-date_number I-date_number B-month I-month
O O O O O O B-album I-album I-album I-album 
O O O O O O O O B-time B-pod B-date_name I-date_name B-relative I-relative
O O O O O O O B-time B-pod O B-date_number I-date_number B-month I-month
O O O O O B-pod+ B-date_number I-date_number B-month I-month O B-time
O O O O O O B-time I-time B-pod B-date_name I-date_name B-relative I-relative
O O O B-time I-time O B-second I-second
O O O O O B-genre O O O O O B-artist I-artist 
O O O O B-song_name I-song_name I-song_name I-song_name I-song_name 
O O B-hour I-hour O B-minute I-minute 
O O O B-minute I-minute O B-second I-second
O O O O O O B-repeat B-date_name I-date_name O B-time
O O O B-time B-pod I-pod O B-date_name I-date_name B-relative I-relative
O O O O O O B-time I-time B-pod O B-relative I-relative
O O B-repeat B-pod B-date_name I-date_name O O B-time B-pod
O O O O B-song_name I-song_name I-song_name I-song_name I-song_name O B-album I-album I-album I-album I-album O O B-artist I-artist I-artist
O O O B-pod B-relative O B-time
O O O O O O B-genre
O O O B-time B-date_name I-date_name B-repeat I-repeat
O O O O B-song_name I-song_name I-song_name I-song_name I-song_name O O B-album I-album I-album I-album I-album O B-artist I-artist
O O O O B-song_name I-song_name I-song_name 
O O O B-minute I-minute O B-second I-second O
O O O O O O B-minute I-minute O B-second I-second O
O O O B-relative I-relative O B-time B-pod
O O O B-date_number I-date_number B-month I-month O O B-time I-time B-pod
O O O O B-time B-repeat B-pod B-date_name I-date_name
O O B-date_number I-date_number B-month I-month O B-time B-pod
O O O B-hour I-hour O B-second I-second O
O O O O O O B-genre
O O O O O O B-relative I-relative I-relative O O B-time
O O O O O B-pod B-date_name I-date_name B-repeat I-repeat O O B-time 
O O B-date_number I-date_number B-month I-month O B-time B-pod
O O O O O B-time B-date_name I-date_name B-repeat I-repeat
O O O O O B-minute I-minute O B-second I-second O
O O O O B-song_name I-song_name I-song_name I-song_name O O O B-artist I-artist
O O O O B-time B-date_name I-date_name B-repeat I-repeat
O O B-time O and B-second I-second 
O O O O B-song_name I-song_name I-song_name I-song_name O O B-album I-album I-album I-album
O O O B-relative I-relative O O B-time B-pod I-pod
O O O O O O O B-album I-album I-album I-album I-album 
O O O O O O B-date_name I-date_name B-relative I-relative O B-time B-pod I-pod
O O O B-time I-time B-repeat B-date_name I-date_name
O O O O O O B-time I-time O B-date_number I-date_number B-month I-month
O O O O O O B-time 
O O B-pod B-date_name I-date_name B-repeat I-repeat O O B-time 
O O O O O B-pod B-relative I-relative I-relative O B-time I-time
O O O O B-genre
O O O O O O O B-time I-time O B-pod B-relative
O O O O O O B-pod B-relative I-relative O O B-time
O O O O B-time O B-date_number I-date_number B-month I-month
O O O O O B-time O B-second I-second
O O O O O O O O O O B-album I-album I-album 
O O O O O O O O B-album I-album I-album 
O O O B-time B-pod O B-relative I-relative
O O O O O O B-time B-pod B-date_number I-date_number B-month I-month
O O O O O O B-time O and B-second I-second
O O O O O O B-album I-album I-album I-album I-album I-album I-album I-album 
O O B-time O
O O O O B-time B-pod B-repeat B-date_name I-date_name
O O O O O O O O O O B-artist I-artist I-artist
O O O O O O O O B-time O B-date_name I-date_name B-relative I-relative
O O B-date_name I-date_name B-repeat I-repeat O B-time B-pod
O O O O O B-pod+ B-date_number I-date_number B-month I-month O B-time
O O B-pod B-date_name I-date_name B-repeat I-repeat O O B-time 
O O O B-time O B-relative I-relative I-relative
O O B-repeat B-pod B-date_name I-date_name O O B-time
O O O O B-time B-repeat B-pod I-pod B-date_name I-date_name
O O O O O B-time O
O O O B-time O B-second I-second
O O O O O B-song_name I-song_name I-song_name I-song_name O O B-album I-album I-album I-album
O O O O O B-song_name I-song_name I-song_name I-song_name O O B-album I-album I-album I-album O O O B-artist I-artist
O O O O O B-song_name I-song_name I-song_name I-song_name I-song_name O O B-album I-album I-album I-album I-album
O O O B-hour I-hour B-second I-second O
O O O O O O O O B-album I-album I-album O O O B-artist I-artist 
O O O O O O B-time I-time B-pod B-repeat B-date_name I-date_name
O O O B-date_name I-date_name B-relative I-relative I-relative O B-time I-time B-pod
O O O B-time I-time O B-date_name I-date_name B-relative I-relative
O O O B-time O B-pod B-relative I-relative
O O O O O O B-album I-album I-album I-album 
O O O B-time I-time
O O O O B-genre I-genre O O O O O B-artist I-artist 
O O O O O O O B-album I-album I-album I-album O O B-artist I-artist I-artist O O O B-artist I-artist
O O O O O B-hour I-hour B-second I-second O
O O O O O O B-time B-repeat B-pod I-pod B-date_name I-date_name
O O O O O O O B-album I-album I-album I-album I-album 
O O O O O B-song_name I-song_name O O B-album I-album O O O B-artist
O O O O O O O B-time B-pod B-date_number I-date_number B-month I-month
O O O O O O O B-album I-album I-album I-album O O O B-artist I-artist 
O O B-date_name I-date_name B-repeat I-repeat O O B-time
O O O O O B-time B-repeat B-pod B-date_name I-date_name
O O O O O O O B-time I-time O B-date_number I-date_number B-month I-month
O O O B-time I-time B-pod O B-relative I-relative I-relative
O O O O O O B-time O B-pod I-pod B-relative
O O B-pod B-date_number I-date_number B-month I-month O O B-time
O O O O O B-song_name I-song_name I-song_name I-song_name O O B-artist I-artist I-artist
O O O O O O B-time I-time O B-relative I-relative I-relative
O O O O O O O B-time B-pod B-date_name I-date_name B-relative I-relative
O O B-repeat B-pod B-date_name I-date_name O O B-time I-time B-pod
O O O O O B-genre O O
O O O O B-time I-time O B-relative
O O O B-pod B-date_name I-date_name B-relative I-relative I-relative O B-time
O O O B-hour I-hour B-second I-second
O O B-minute I-minute O B-second I-second O
O O O B-date_number I-date_number B-month I-month O O B-time B-pod
O O O O O O O B-album I-album I-album I-album 
O O O O O O B-album I-album I-album I-album O O O B-artist I-artist O B-artist I-artist I-artist
O O O O O B-date_name I-date_name B-repeat I-repeat O B-time I-time
O O O O O O B-album I-album I-album I-album 
O O O O O O B-hour I-hour O B-minute I-minute 
O O O B-pod B-date_name I-date_name B-relative I-relative O O B-time
O O O O O O B-time B-date_number I-date_number B-month I-month
O O O O O O O B-time I-time B-pod B-relative
O O O O O O O O B-album I-album I-album I-album I-album O O O B-artist I-artist O O O B-artist
O O O B-time O B-date_number I-date_number B-month I-month
O O O O O B-time B-repeat B-pod B-date_name I-date_name
O O O O O O B-artist I-artist I-artist 
O O O O O O O B-time B-pod O B-date_name I-date_name B-relative I-relative
O O O O O O B-album I-album I-album O O O B-artist I-artist I-artist 
O O O O O O B-minute I-minute O B-second I-second O
O O O O O O B-time I-time O B-pod B-relative I-relative I-relative
O O O B-time B-repeat B-date_name I-date_name
O O O O O O O B-album I-album I-album I-album 
O O O O O O O B-artist I-artist I-artist 
O O O B-time I-time B-pod I-pod B-relative
O O O O O O O B-time O B-pod B-date_name I-date_name B-relative I-relative
O O O O O B-time B-date_number I-date_number B-month I-month
O O O B-date_name I-date_name B-relative I-relative I-relative O B-time B-pod I-pod
O O O O B-song_name I-song_name I-song_name I-song_name I-song_name O B-album I-album I-album I-album I-album O O O B-artist I-artist I-artist O O O B-artist
O O O B-time I-time O
O O O O O O B-genre I-genre O O O O O B-artist I-artist 
O O O O O O B-time I-time B-repeat B-pod B-date_name I-date_name
O O O O B-song_name I-song_name I-song_name 
O O O O B-time I-time B-pod B-date_number I-date_number B-month I-month
O O O O O O B-date_number I-date_number B-month I-month O B-time I-time B-pod
O O O O B-song_name I-song_name I-song_name I-song_name 
O O O O O O B-pod B-relative O B-time
O O O O O O B-date_name I-date_name B-repeat I-repeat O O B-time I-time
O O O O O O B-time I-time O B-date_number I-date_number B-month I-month
O O B-hour I-hour B-second I-second 
O O O O B-time O B-second I-second O
O O B-date_name I-date_name B-repeat I-repeat O B-time
O O O O B-date_name I-date_name B-relative I-relative O B-time B-pod
O O O O B-time I-time O B-pod B-date_name I-date_name B-relative I-relative
O O O O O B-pod B-date_name I-date_name B-repeat I-repeat O O B-time I-time 
O O O O B-time I-time B-date_name I-date_name B-repeat I-repeat
O O O O O O B-time O B-date_number I-date_number B-month I-month
O O O O O O O O O O B-album I-album I-album I-album I-album O B-artist I-artist I-artist O O O B-artist I-artist
O O O O O B-genre O O
O O O O O B-time O B-second I-second O
O O O O O B-repeat B-pod I-pod B-date_name I-date_name O B-time I-time B-pod I-pod
O O O O O O O O O B-album I-album I-album I-album O O O B-artist I-artist I-artist O B-artist
O O O O O O O B-artist I-artist I-artist 
O O O B-time B-date_name I-date_name B-repeat I-repeat
O O O O O O B-time I-time B-pod I-pod B-date_name I-date_name B-repeat I-repeat
O O O O B-repeat B-pod B-date_name I-date_name O O B-time I-time B-pod
O O O O O O O O B-album I-album I-album O O O B-artist I-artist I-artist O O O B-artist I-artist
O O B-pod I-pod B-date_number I-date_number B-month I-month O O B-time
O O O B-date_name I-date_name B-relative I-relative I-relative O O B-time B-pod
O O B-hour I-hour O B-second I-second O
O O O O O O B-date_number I-date_number B-month I-month O B-time I-time B-pod I-pod
O O O O O O O O O B-album I-album I-album I-album 
O O B-repeat B-pod I-pod B-date_name I-date_name O B-time B-pod I-pod
O O O O O B-genre I-genre O O
O O O O B-genre I-genre O O O O O B-artist I-artist I-artist 
O O B-time I-time O and B-second I-second O
O O O B-time I-time B-pod O B-date_number I-date_number B-month I-month
O O O O O O O O O B-album I-album I-album I-album I-album O O O B-artist I-artist I-artist O B-artist I-artist
O O O O O O O B-album I-album I-album I-album 
O O O O O B-hour I-hour O B-minute I-minute O
O O O B-date_number I-date_number B-month I-month O O B-time I-time B-pod
O O O B-time I-time B-pod B-date_number I-date_number B-month I-month
O O O O O O B-pod B-date_name I-date_name B-relative I-relative O B-time
O O O O O O B-time B-repeat B-date_name I-date_name
O O O O O O B-relative O O B-time I-time
O O O B-date_name I-date_name B-relative I-relative O B-time B-pod
O O O B-hour I-hour B-second I-second O
O O O O O O O O B-album I-album I-album I-album O O O B-artist I-artist 
O O O B-song_name I-song_name I-song_name I-song_name O O O B-artist I-artist
O O O O O O O O O B-album I-album I-album 
O O B-song_name I-song_name I-song_name I-song_name I-song_name O O B-album I-album I-album I-album I-album O O O B-artist I-artist I-artist O O O B-artist I-artist
O O O B-time B-pod B-repeat B-date_name I-date_name
O O O O O O B-hour I-hour O B-second I-second O
O O O O O O B-time O B-pod B-relative I-relative I-relative
O O O O O O O B-pod I-pod B-date_name I-date_name B-relative I-relative O O B-time I-time
O O O O O B-time O B-second I-second O
O O O O O O O B-time I-time O B-pod I-pod B-date_name I-date_name B-relative I-relative
O O O O O O B-album I-album I-album I-album I-album O O O B-artist I-artist 
O O O O O O B-time I-time O B-pod B-relative I-relative
O O O O B-time B-pod I-pod O B-date_name I-date_name B-relative I-relative I-relative
O O O O O O O B-time B-date_name I-date_name B-repeat I-repeat
O O O O O O O B-time B-pod B-date_number I-date_number B-month I-month
O O O O B-time I-time O B-date_number I-date_number B-month I-month
